Script started on 2019-01-10 16:14:52+0000
   : Loading /src/plan.sh
   sample-repo: Plan loaded
   sample-repo: Validating plan metadata
   sample-repo: Using HAB_BIN=/hab/pkgs/core/hab/0.70.0/20181205193615/bin/hab for installs, signing, and hashing
   sample-repo: hab-plan-build setup
   sample-repo: Writing pre_build file
   sample-repo: Resolving build dependencies
   sample-repo: Resolving run dependencies
» Installing core/python
☁ Determining latest version of core/python in the 'stable' channel
→ Using core/python/3.7.0/20181212185222
★ Install of core/python/3.7.0/20181212185222 complete with 0 new packages installed.
   sample-repo: Resolved dependency 'core/python' to /hab/pkgs/core/python/3.7.0/20181212185222
   sample-repo: Setting up environment
   sample-repo: Populating runtime environment from dependencies
   sample-repo: Populating buildtime environment from dependencies
   sample-repo: Layering runtime environment on top of system environment
   sample-repo: Layering buildtime environment on top of system environment
   sample-repo: Setting PATH=/hab/pkgs/core/python/3.7.0/20181212185222/bin:/hab/pkgs/core/acl/2.2.52/20180608091922/bin:/hab/pkgs/core/attr/2.4.47/20180608091914/bin:/hab/pkgs/core/binutils/2.30/20180608050633/bin:/hab/pkgs/core/bzip2/1.0.6/20180608091727/bin:/hab/pkgs/core/coreutils/8.29/20180608092141/bin:/hab/pkgs/core/expat/2.2.5/20180608094017/bin:/hab/pkgs/core/gdbm/1.14.1/20180608094002/bin:/hab/pkgs/core/glibc/2.27/20180608041157/bin:/hab/pkgs/core/grep/3.1/20180608092809/bin:/hab/pkgs/core/libcap/2.25/20180608091936/bin:/hab/pkgs/core/libtool/2.4.6/20180608093951/bin:/hab/pkgs/core/ncurses/6.1/20180608091810/bin:/hab/pkgs/core/openssl/1.0.2q/20181212183918/bin:/hab/pkgs/core/pcre/8.41/20180608092740/bin:/hab/pkgs/core/sed/4.4/20180608091938/bin:/hab/pkgs/core/sqlite/3130000/20180608141313/bin:/hab/pkgs/core/hab-plan-build/0.70.0/20181205195415/bin:/hab/pkgs/core/bash/4.4.19/20180608092913/bin:/hab/pkgs/core/binutils/2.30/20180608050633/bin:/hab/pkgs/core/bzip2/1.0.6/20180608091727/bin:/hab/pkgs/core/coreutils/8.29/20180608092141/bin:/hab/pkgs/core/file/5.32/20180608050620/bin:/hab/pkgs/core/findutils/4.6.0/20180608095924/bin:/hab/pkgs/core/gawk/4.2.0/20180608093856/bin:/hab/pkgs/core/grep/3.1/20180608092809/bin:/hab/pkgs/core/gzip/1.9/20180608100716/bin:/hab/pkgs/core/hab/0.70.0/20181205193615/bin:/hab/pkgs/core/rq/0.10.4/20180608102648/bin:/hab/pkgs/core/sed/4.4/20180608091938/bin:/hab/pkgs/core/tar/1.30/20180608093304/bin:/hab/pkgs/core/unzip/6.0/20180608102645/bin:/hab/pkgs/core/wget/1.19.4/20180608102523/bin:/hab/pkgs/core/xz/5.2.3/20180608100110/bin:/hab/pkgs/core/glibc/2.27/20180608041157/bin:/hab/pkgs/core/ncurses/6.1/20180608091810/bin:/hab/pkgs/core/acl/2.2.52/20180608091922/bin:/hab/pkgs/core/attr/2.4.47/20180608091914/bin:/hab/pkgs/core/libcap/2.25/20180608091936/bin:/hab/pkgs/core/pcre/8.41/20180608092740/bin:/hab/pkgs/core/less/530/20180608094202/bin:/hab/pkgs/core/openssl/1.0.2n/20180608102213/bin
   sample-repo: Clean the cache
   sample-repo: Setting build environment
mkdir: created directory '/hab/cache/src/sample-repo-1.0.0'
   sample-repo: Setting PREFIX=/hab/pkgs/hab-shell/sample-repo/1.0.0/20190110161452
   sample-repo: Setting LD_RUN_PATH=/hab/pkgs/core/python/3.7.0/20181212185222/lib
   sample-repo: Setting CFLAGS=-I/hab/pkgs/core/python/3.7.0/20181212185222/include
   sample-repo: Setting CXXFLAGS=-I/hab/pkgs/core/python/3.7.0/20181212185222/include
   sample-repo: Setting CPPFLAGS=-I/hab/pkgs/core/python/3.7.0/20181212185222/include
   sample-repo: Setting LDFLAGS=-L/hab/pkgs/core/python/3.7.0/20181212185222/lib
   sample-repo: Setting PKG_CONFIG_PATH=/hab/pkgs/core/python/3.7.0/20181212185222/lib/pkgconfig
   sample-repo: Preparing to build
   sample-repo: Building
/hab/pkgs/core/hab-plan-build/0.70.0/20181205195415/bin/hab-plan-build: line 1821: ./configure: No such file or directory
   sample-repo: Build time: 0m0s
   sample-repo: Exiting on error

Script done on 2019-01-10 16:14:52+0000
