Script started on Tue Dec 18 18:50:57 2018
   : Loading /src/plan.sh
   hab-shell-repo: Plan loaded
   hab-shell-repo: Validating plan metadata
   hab-shell-repo: Using HAB_BIN=/hab/pkgs/core/hab/0.69.0/20181127182011/bin/hab for installs, signing, and hashing
   hab-shell-repo: hab-plan-build setup
   hab-shell-repo: Writing pre_build file
   hab-shell-repo: Resolving build dependencies
   hab-shell-repo: Resolving run dependencies
[1;33m» Installing core/sudo[0m
[1;32m☁ Determining[0m latest version of core/sudo in the 'stable' channel
[1;32m→ Using[0m core/sudo/1.8.18p1/20180609192018
[1;34m★ Install of core/sudo/1.8.18p1/20180609192018 complete with 0 new packages installed.[0m
   hab-shell-repo: Resolved dependency 'core/sudo' to /hab/pkgs/core/sudo/1.8.18p1/20180609192018
[1;33m» Installing core/hab[0m
[1;32m☁ Determining[0m latest version of core/hab in the 'stable' channel
[1;32m→ Using[0m core/hab/0.70.0/20181205193615
[1;34m★ Install of core/hab/0.70.0/20181205193615 complete with 0 new packages installed.[0m
   hab-shell-repo: Resolved dependency 'core/hab' to /hab/pkgs/core/hab/0.70.0/20181205193615
[1;33m» Installing core/bash[0m
[1;32m☁ Determining[0m latest version of core/bash in the 'stable' channel
[1;32m→ Using[0m core/bash/4.4.19/20180608092913
[1;34m★ Install of core/bash/4.4.19/20180608092913 complete with 0 new packages installed.[0m
   hab-shell-repo: Resolved dependency 'core/bash' to /hab/pkgs/core/bash/4.4.19/20180608092913
[1;33m» Installing core/gawk[0m
[1;32m☁ Determining[0m latest version of core/gawk in the 'stable' channel
[1;32m→ Using[0m core/gawk/4.2.0/20180608093856
[1;34m★ Install of core/gawk/4.2.0/20180608093856 complete with 0 new packages installed.[0m
   hab-shell-repo: Resolved dependency 'core/gawk' to /hab/pkgs/core/gawk/4.2.0/20180608093856
[1;33m» Installing core/grep[0m
[1;32m☁ Determining[0m latest version of core/grep in the 'stable' channel
[1;32m→ Using[0m core/grep/3.1/20180608092809
[1;34m★ Install of core/grep/3.1/20180608092809 complete with 0 new packages installed.[0m
   hab-shell-repo: Resolved dependency 'core/grep' to /hab/pkgs/core/grep/3.1/20180608092809
[1;33m» Installing core/git[0m
[1;32m☁ Determining[0m latest version of core/git in the 'stable' channel
[1;32m→ Using[0m core/git/2.18.0/20181212192153
[1;34m★ Install of core/git/2.18.0/20181212192153 complete with 0 new packages installed.[0m
   hab-shell-repo: Resolved dependency 'core/git' to /hab/pkgs/core/git/2.18.0/20181212192153
[1;33m» Installing core/gcc[0m
[1;32m☁ Determining[0m latest version of core/gcc in the 'stable' channel
[1;32m→ Using[0m core/gcc/7.3.0/20180608051919
[1;34m★ Install of core/gcc/7.3.0/20180608051919 complete with 0 new packages installed.[0m
   hab-shell-repo: Resolved dependency 'core/gcc' to /hab/pkgs/core/gcc/7.3.0/20180608051919
[1;33m» Installing core/gcc-libs[0m
[1;32m☁ Determining[0m latest version of core/gcc-libs in the 'stable' channel
[1;32m→ Using[0m core/gcc-libs/7.3.0/20180608091701
[1;34m★ Install of core/gcc-libs/7.3.0/20180608091701 complete with 0 new packages installed.[0m
   hab-shell-repo: Resolved dependency 'core/gcc-libs' to /hab/pkgs/core/gcc-libs/7.3.0/20180608091701
[1;33m» Installing core/make[0m
[1;32m☁ Determining[0m latest version of core/make in the 'stable' channel
[1;32m→ Using[0m core/make/4.2.1/20180608100733
[1;34m★ Install of core/make/4.2.1/20180608100733 complete with 0 new packages installed.[0m
   hab-shell-repo: Resolved dependency 'core/make' to /hab/pkgs/core/make/4.2.1/20180608100733
[1;33m» Installing core/clang[0m
[1;32m☁ Determining[0m latest version of core/clang in the 'stable' channel
[1;32m→ Using[0m core/clang/7.0.0/20181212192223
[1;34m★ Install of core/clang/7.0.0/20181212192223 complete with 0 new packages installed.[0m
   hab-shell-repo: Resolved dependency 'core/clang' to /hab/pkgs/core/clang/7.0.0/20181212192223
[1;33m» Installing core/openssl[0m
[1;32m☁ Determining[0m latest version of core/openssl in the 'stable' channel
[1;32m→ Using[0m core/openssl/1.0.2q/20181212183918
[1;34m★ Install of core/openssl/1.0.2q/20181212183918 complete with 0 new packages installed.[0m
   hab-shell-repo: Resolved dependency 'core/openssl' to /hab/pkgs/core/openssl/1.0.2q/20181212183918
[1;33m» Installing core/pkg-config[0m
[1;32m☁ Determining[0m latest version of core/pkg-config in the 'stable' channel
[1;32m→ Using[0m core/pkg-config/0.29.2/20180608091734
[1;34m★ Install of core/pkg-config/0.29.2/20180608091734 complete with 0 new packages installed.[0m
   hab-shell-repo: Resolved dependency 'core/pkg-config' to /hab/pkgs/core/pkg-config/0.29.2/20180608091734
[1;33m» Installing core/libsodium[0m
[1;32m☁ Determining[0m latest version of core/libsodium in the 'stable' channel
[1;32m→ Using[0m core/libsodium/1.0.13/20180703181056
[1;34m★ Install of core/libsodium/1.0.13/20180703181056 complete with 0 new packages installed.[0m
   hab-shell-repo: Resolved dependency 'core/libsodium' to /hab/pkgs/core/libsodium/1.0.13/20180703181056
[1;33m» Installing core/libarchive[0m
[1;32m☁ Determining[0m latest version of core/libarchive in the 'stable' channel
[1;32m→ Using[0m core/libarchive/3.3.2/20181214200119
[1;34m★ Install of core/libarchive/3.3.2/20181214200119 complete with 0 new packages installed.[0m
   hab-shell-repo: Resolved dependency 'core/libarchive' to /hab/pkgs/core/libarchive/3.3.2/20181214200119
[1;33m» Installing guskovd/rust-nightly[0m
[1;32m☁ Determining[0m latest version of guskovd/rust-nightly in the 'stable' channel
[1;32m→ Using[0m guskovd/rust-nightly/1.32.0-2018-12-13/20181214174458
[1;34m★ Install of guskovd/rust-nightly/1.32.0-2018-12-13/20181214174458 complete with 0 new packages installed.[0m
   hab-shell-repo: Resolved dependency 'guskovd/rust-nightly' to /hab/pkgs/guskovd/rust-nightly/1.32.0-2018-12-13/20181214174458
   hab-shell-repo: Setting up environment
   hab-shell-repo: Populating runtime environment from dependencies
   hab-shell-repo: Populating buildtime environment from dependencies
   hab-shell-repo: PUSH TO RUN
   hab-shell-repo: WARN: Using `:` as a separator for $LD_LIBRARY_PATH. If you would like to change this, add `HAB_ENV_LD_LIBRARY_PATH_SEPARATOR=<YOUR_SEPARATOR>` to your plan.
   hab-shell-repo: PUSH TO RUN
   hab-shell-repo: WARN: Using `:` as a separator for $LD_LIBRARY_PATH. If you would like to change this, add `HAB_ENV_LD_LIBRARY_PATH_SEPARATOR=<YOUR_SEPARATOR>` to your plan.
   hab-shell-repo: PUSH TO RUN
   hab-shell-repo: WARN: Using `:` as a separator for $LD_LIBRARY_PATH. If you would like to change this, add `HAB_ENV_LD_LIBRARY_PATH_SEPARATOR=<YOUR_SEPARATOR>` to your plan.
   hab-shell-repo: PUSH TO RUN
   hab-shell-repo: WARN: Using `:` as a separator for $LD_LIBRARY_PATH. If you would like to change this, add `HAB_ENV_LD_LIBRARY_PATH_SEPARATOR=<YOUR_SEPARATOR>` to your plan.
   hab-shell-repo: Layering runtime environment on top of system environment
   hab-shell-repo: Layering buildtime environment on top of system environment
   hab-shell-repo: Setting PATH=/hab/pkgs/core/sudo/1.8.18p1/20180609192018/bin:/hab/pkgs/core/sudo/1.8.18p1/20180609192018/sbin:/hab/pkgs/core/hab/0.70.0/20181205193615/bin:/hab/pkgs/core/bash/4.4.19/20180608092913/bin:/hab/pkgs/core/gawk/4.2.0/20180608093856/bin:/hab/pkgs/core/grep/3.1/20180608092809/bin:/hab/pkgs/core/git/2.18.0/20181212192153/bin:/hab/pkgs/core/gcc/7.3.0/20180608051919/bin:/hab/pkgs/core/make/4.2.1/20180608100733/bin:/hab/pkgs/core/clang/7.0.0/20181212192223/bin:/hab/pkgs/core/openssl/1.0.2q/20181212183918/bin:/hab/pkgs/core/pkg-config/0.29.2/20180608091734/bin:/hab/pkgs/guskovd/rust-nightly/1.32.0-2018-12-13/20181214174458/bin:/hab/pkgs/core/acl/2.2.52/20180608091922/bin:/hab/pkgs/core/attr/2.4.47/20180608091914/bin:/hab/pkgs/core/coreutils/8.29/20180608092141/bin:/hab/pkgs/core/glibc/2.27/20180608041157/bin:/hab/pkgs/core/libcap/2.25/20180608091936/bin:/hab/pkgs/core/ncurses/6.1/20180608091810/bin:/hab/pkgs/core/vim/8.0.1542/20180608104326/bin:/hab/pkgs/core/pcre/8.41/20180608092740/bin:/hab/pkgs/core/bzip2/1.0.6/20180608091727/bin:/hab/pkgs/core/curl/7.62.0/20181212184320/bin:/hab/pkgs/core/db/5.3.28/20180608094030/bin:/hab/pkgs/core/expat/2.2.5/20180608094017/bin:/hab/pkgs/core/gdbm/1.14.1/20180608094002/bin:/hab/pkgs/core/gettext/0.19.8/20180608100147/bin:/hab/pkgs/core/less/530/20180608094202/bin:/hab/pkgs/core/openssh/7.5p1/20181212185150/bin:/hab/pkgs/core/openssh/7.5p1/20181212185150/sbin:/hab/pkgs/core/openssh/7.5p1/20181212185150/libexec:/hab/pkgs/core/perl/5.26.1/20180608094208/bin:/hab/pkgs/core/xz/5.2.3/20180608100110/bin:/hab/pkgs/core/binutils/2.30/20180608050633/bin:/hab/pkgs/core/libtool/2.4.6/20180608093951/bin:/hab/pkgs/core/python/3.7.0/20181212185222/bin:/hab/pkgs/core/sed/4.4/20180608091938/bin:/hab/pkgs/core/sqlite/3130000/20180608141313/bin:/hab/pkgs/core/busybox-static/1.28.1/20180608102729/bin:/hab/pkgs/core/hab-plan-build/0.69.0/20181127183503/bin:/hab/pkgs/core/bash/4.3.42/20170513213519/bin:/hab/pkgs/core/binutils/2.25.1/20170513201927/bin:/hab/pkgs/core/bzip2/1.0.6/20170513212938/bin:/hab/pkgs/core/coreutils/8.25/20170513213226/bin:/hab/pkgs/core/file/5.24/20170513201915/bin:/hab/pkgs/core/findutils/4.4.2/20170513214305/bin:/hab/pkgs/core/gawk/4.1.3/20170513213646/bin:/hab/pkgs/core/grep/2.22/20170513213444/bin:/hab/pkgs/core/gzip/1.6/20170513214605/bin:/hab/pkgs/core/hab/0.69.0/20181127182011/bin:/hab/pkgs/core/rq/0.9.2/20170612005822/bin:/hab/pkgs/core/sed/4.2.2/20170513213123/bin:/hab/pkgs/core/tar/1.29/20170513213607/bin:/hab/pkgs/core/unzip/6.0/20180310001951/bin:/hab/pkgs/core/wget/1.19.1/20171024102323/bin:/hab/pkgs/core/xz/5.2.2/20170513214327/bin:/hab/pkgs/core/glibc/2.22/20170513201042/bin:/hab/pkgs/core/ncurses/6.0/20170513213009/bin:/hab/pkgs/core/acl/2.2.52/20170513213108/bin:/hab/pkgs/core/attr/2.4.47/20170513213059/bin:/hab/pkgs/core/libcap/2.24/20170513213120/bin:/hab/pkgs/core/pcre/8.38/20170513213423/bin:/hab/pkgs/core/less/481/20170513213936/bin:/hab/pkgs/core/libidn/1.32/20170513215043/bin:/hab/pkgs/core/openssl/1.0.2l/20171014213633/bin
   hab-shell-repo: Clean the cache
   hab-shell-repo: Setting build environment
mkdir: created directory '/hab/cache/src/hab-shell-repo-1.0.52'
   hab-shell-repo: Setting PREFIX=/hab/pkgs/hab-shell/hab-shell-repo/1.0.52/20181218185057
   hab-shell-repo: Setting LD_RUN_PATH=/hab/pkgs/core/git/2.18.0/20181212192153/lib:/hab/pkgs/core/gcc/7.3.0/20180608051919/lib:/hab/pkgs/core/gcc-libs/7.3.0/20180608091701/lib:/hab/pkgs/core/clang/7.0.0/20181212192223/lib:/hab/pkgs/core/openssl/1.0.2q/20181212183918/lib:/hab/pkgs/core/libsodium/1.0.13/20180703181056/lib:/hab/pkgs/core/libarchive/3.3.2/20181214200119/lib:/hab/pkgs/guskovd/rust-nightly/1.32.0-2018-12-13/20181214174458/lib
   hab-shell-repo: Setting CFLAGS=-I/hab/pkgs/core/sudo/1.8.18p1/20180609192018/include -I/hab/pkgs/core/gcc/7.3.0/20180608051919/include -I/hab/pkgs/core/make/4.2.1/20180608100733/include -I/hab/pkgs/core/clang/7.0.0/20181212192223/include -I/hab/pkgs/core/openssl/1.0.2q/20181212183918/include -I/hab/pkgs/core/libsodium/1.0.13/20180703181056/include -I/hab/pkgs/core/libarchive/3.3.2/20181214200119/include
   hab-shell-repo: Setting CXXFLAGS=-I/hab/pkgs/core/sudo/1.8.18p1/20180609192018/include -I/hab/pkgs/core/gcc/7.3.0/20180608051919/include -I/hab/pkgs/core/make/4.2.1/20180608100733/include -I/hab/pkgs/core/clang/7.0.0/20181212192223/include -I/hab/pkgs/core/openssl/1.0.2q/20181212183918/include -I/hab/pkgs/core/libsodium/1.0.13/20180703181056/include -I/hab/pkgs/core/libarchive/3.3.2/20181214200119/include
   hab-shell-repo: Setting CPPFLAGS=-I/hab/pkgs/core/sudo/1.8.18p1/20180609192018/include -I/hab/pkgs/core/gcc/7.3.0/20180608051919/include -I/hab/pkgs/core/make/4.2.1/20180608100733/include -I/hab/pkgs/core/clang/7.0.0/20181212192223/include -I/hab/pkgs/core/openssl/1.0.2q/20181212183918/include -I/hab/pkgs/core/libsodium/1.0.13/20180703181056/include -I/hab/pkgs/core/libarchive/3.3.2/20181214200119/include
   hab-shell-repo: Setting LDFLAGS=-L/hab/pkgs/core/git/2.18.0/20181212192153/lib -L/hab/pkgs/core/gcc/7.3.0/20180608051919/lib -L/hab/pkgs/core/gcc-libs/7.3.0/20180608091701/lib -L/hab/pkgs/core/clang/7.0.0/20181212192223/lib -L/hab/pkgs/core/openssl/1.0.2q/20181212183918/lib -L/hab/pkgs/core/libsodium/1.0.13/20180703181056/lib -L/hab/pkgs/core/libarchive/3.3.2/20181214200119/lib -L/hab/pkgs/guskovd/rust-nightly/1.32.0-2018-12-13/20181214174458/lib
   hab-shell-repo: Setting PKG_CONFIG_PATH=/hab/pkgs/core/bash/4.4.19/20180608092913/lib/pkgconfig:/hab/pkgs/core/openssl/1.0.2q/20181212183918/lib/pkgconfig:/hab/pkgs/core/libsodium/1.0.13/20180703181056/lib/pkgconfig:/hab/pkgs/core/libarchive/3.3.2/20181214200119/lib/pkgconfig
   hab-shell-repo: Preparing to build
   hab-shell-repo: Building
   hab-shell-repo: Installing
mkdir: created directory '/hab/pkgs/hab-shell/hab-shell-repo'
mkdir: created directory '/hab/pkgs/hab-shell/hab-shell-repo/1.0.52'
mkdir: created directory '/hab/pkgs/hab-shell/hab-shell-repo/1.0.52/20181218185057'
   hab-shell-repo: Writing configuration
   hab-shell-repo: Writing service management scripts
   hab-shell-repo: Stripping unneeded symbols from binaries and libraries
   hab-shell-repo: Building package metadata
   hab-shell-repo: Generating blake2b hashes of all files in the package
   hab-shell-repo: Generating signed metadata FILES
[1;33m» Signing hab-shell-repo_blake2bsums[0m
[1;36m☛ Signing[0m hab-shell-repo_blake2bsums with hab-shell-20180516112716 to create /hab/pkgs/hab-shell/hab-shell-repo/1.0.52/20181218185057/FILES
[1;34m★ Signed artifact /hab/pkgs/hab-shell/hab-shell-repo/1.0.52/20181218185057/FILES.[0m
   hab-shell-repo: Creating manifest
   hab-shell-repo: Generating package artifact
/hab/pkgs/core/tar/1.29/20170513213607/bin/tar: Removing leading `/' from member names
/hab/cache/artifacts/.hab-shell-hab-shell-repo-1.0.52-20181218185057-x86_64-linux.tar (1/1)
  100 %           2712 B / 30.0 KiB = 0.088                                    
[1;33m» Signing /hab/cache/artifacts/.hab-shell-hab-shell-repo-1.0.52-20181218185057-x86_64-linux.tar.xz[0m
[1;36m☛ Signing[0m /hab/cache/artifacts/.hab-shell-hab-shell-repo-1.0.52-20181218185057-x86_64-linux.tar.xz with hab-shell-20180516112716 to create /hab/cache/artifacts/hab-shell-hab-shell-repo-1.0.52-20181218185057-x86_64-linux.hart
[1;34m★ Signed artifact /hab/cache/artifacts/hab-shell-hab-shell-repo-1.0.52-20181218185057-x86_64-linux.hart.[0m
'/hab/cache/artifacts/hab-shell-hab-shell-repo-1.0.52-20181218185057-x86_64-linux.hart' -> '/src/results/hab-shell-hab-shell-repo-1.0.52-20181218185057-x86_64-linux.hart'
   hab-shell-repo: hab-plan-build cleanup
   hab-shell-repo: 
   hab-shell-repo: Source Path: /src
   hab-shell-repo: Installed Path: /hab/pkgs/hab-shell/hab-shell-repo/1.0.52/20181218185057
   hab-shell-repo: Artifact: /src/results/hab-shell-hab-shell-repo-1.0.52-20181218185057-x86_64-linux.hart
   hab-shell-repo: Build Report: /src/results/last_build.env
   hab-shell-repo: SHA256 Checksum: e02f153619e685d8ca24653517e5c8b780cb3c9e2b60ba685d35e6b7095de075
   hab-shell-repo: Blake2b Checksum: 134c6d07e37683790230cbd2776376f158a5d802c43da1fb0f7dfbd1a44ba61f
   hab-shell-repo: 
   hab-shell-repo: I love it when a plan.sh comes together.
   hab-shell-repo: 
   hab-shell-repo: Build time: 0m7s

Script done on Tue Dec 18 18:51:04 2018
