Script started on Wed Sep  5 14:28:06 2018
   : Loading /src/plan.sh
   hab-shell: Plan loaded
   hab-shell: Validating plan metadata
   hab-shell: Using HAB_BIN=/hab/pkgs/core/hab/0.61.0/20180815171844/bin/hab for installs, signing, and hashing
   hab-shell: hab-plan-build setup
   hab-shell: Writing pre_build file
   hab-shell: Resolving build dependencies
   hab-shell: Resolving run dependencies
[1;33mÂ» Installing core/rust-nightly[0m
[1;32mâ˜ Determining[0m latest version of core/rust-nightly in the 'stable' channel
[1;32mâ†’ Using[0m core/rust-nightly/1.28.0-2018-06-08/20180610010026
[1;34mâ˜… Install of core/rust-nightly/1.28.0-2018-06-08/20180610010026 complete with 0 new packages installed.[0m
   hab-shell: Resolved dependency 'core/rust-nightly' to /hab/pkgs/core/rust-nightly/1.28.0-2018-06-08/20180610010026
[1;33mÂ» Installing core/bash[0m
[1;32mâ˜ Determining[0m latest version of core/bash in the 'stable' channel
[1;32mâ†’ Using[0m core/bash/4.4.19/20180608092913
[1;34mâ˜… Install of core/bash/4.4.19/20180608092913 complete with 0 new packages installed.[0m
   hab-shell: Resolved dependency 'core/bash' to /hab/pkgs/core/bash/4.4.19/20180608092913
[1;33mÂ» Installing core/coreutils[0m
[1;32mâ˜ Determining[0m latest version of core/coreutils in the 'stable' channel
[1;32mâ†’ Using[0m core/coreutils/8.29/20180608092141
[1;34mâ˜… Install of core/coreutils/8.29/20180608092141 complete with 0 new packages installed.[0m
   hab-shell: Resolved dependency 'core/coreutils' to /hab/pkgs/core/coreutils/8.29/20180608092141
[1;33mÂ» Installing core/gawk[0m
[1;32mâ˜ Determining[0m latest version of core/gawk in the 'stable' channel
[1;32mâ†’ Using[0m core/gawk/4.2.0/20180608093856
[1;34mâ˜… Install of core/gawk/4.2.0/20180608093856 complete with 0 new packages installed.[0m
   hab-shell: Resolved dependency 'core/gawk' to /hab/pkgs/core/gawk/4.2.0/20180608093856
[1;33mÂ» Installing core/which[0m
[1;32mâ˜ Determining[0m latest version of core/which in the 'stable' channel
[1;32mâ†’ Using[0m core/which/2.21/20180608164236
[1;34mâ˜… Install of core/which/2.21/20180608164236 complete with 0 new packages installed.[0m
   hab-shell: Resolved dependency 'core/which' to /hab/pkgs/core/which/2.21/20180608164236
[1;33mÂ» Installing core/git[0m
[1;32mâ˜ Determining[0m latest version of core/git in the 'stable' channel
[1;32mâ†’ Using[0m core/git/2.18.0/20180806174821
[1;34mâ˜… Install of core/git/2.18.0/20180806174821 complete with 0 new packages installed.[0m
   hab-shell: Resolved dependency 'core/git' to /hab/pkgs/core/git/2.18.0/20180806174821
[1;33mÂ» Installing core/gcc[0m
[1;32mâ˜ Determining[0m latest version of core/gcc in the 'stable' channel
[1;32mâ†’ Using[0m core/gcc/7.3.0/20180608051919
[1;34mâ˜… Install of core/gcc/7.3.0/20180608051919 complete with 0 new packages installed.[0m
   hab-shell: Resolved dependency 'core/gcc' to /hab/pkgs/core/gcc/7.3.0/20180608051919
[1;33mÂ» Installing core/hab[0m
[1;32mâ˜ Determining[0m latest version of core/hab in the 'stable' channel
[1;32mâ†’ Using[0m core/hab/0.62.1/20180905002037
[1;34mâ˜… Install of core/hab/0.62.1/20180905002037 complete with 0 new packages installed.[0m
   hab-shell: Resolved dependency 'core/hab' to /hab/pkgs/core/hab/0.62.1/20180905002037
[1;33mÂ» Installing core/grep[0m
[1;32mâ˜ Determining[0m latest version of core/grep in the 'stable' channel
[1;32mâ†’ Using[0m core/grep/3.1/20180608092809
[1;34mâ˜… Install of core/grep/3.1/20180608092809 complete with 0 new packages installed.[0m
   hab-shell: Resolved dependency 'core/grep' to /hab/pkgs/core/grep/3.1/20180608092809
[1;33mÂ» Installing core/sed[0m
[1;32mâ˜ Determining[0m latest version of core/sed in the 'stable' channel
[1;32mâ†’ Using[0m core/sed/4.4/20180608091938
[1;34mâ˜… Install of core/sed/4.4/20180608091938 complete with 0 new packages installed.[0m
   hab-shell: Resolved dependency 'core/sed' to /hab/pkgs/core/sed/4.4/20180608091938
[1;33mÂ» Installing core/sudo[0m
[1;32mâ˜ Determining[0m latest version of core/sudo in the 'stable' channel
[1;32mâ†’ Using[0m core/sudo/1.8.18p1/20180609192018
[1;34mâ˜… Install of core/sudo/1.8.18p1/20180609192018 complete with 0 new packages installed.[0m
   hab-shell: Resolved dependency 'core/sudo' to /hab/pkgs/core/sudo/1.8.18p1/20180609192018
[1;33mÂ» Installing core/sshpass[0m
[1;32mâ˜ Determining[0m latest version of core/sshpass in the 'stable' channel
[1;32mâ†’ Using[0m core/sshpass/1.06/20180608151129
[1;34mâ˜… Install of core/sshpass/1.06/20180608151129 complete with 0 new packages installed.[0m
   hab-shell: Resolved dependency 'core/sshpass' to /hab/pkgs/core/sshpass/1.06/20180608151129
[1;33mÂ» Installing core/rsync[0m
[1;32mâ˜ Determining[0m latest version of core/rsync in the 'stable' channel
[1;32mâ†’ Using[0m core/rsync/3.1.2/20180608145950
[1;34mâ˜… Install of core/rsync/3.1.2/20180608145950 complete with 0 new packages installed.[0m
   hab-shell: Resolved dependency 'core/rsync' to /hab/pkgs/core/rsync/3.1.2/20180608145950
[1;33mÂ» Installing core/make[0m
[1;32mâ˜ Determining[0m latest version of core/make in the 'stable' channel
[1;32mâ†’ Using[0m core/make/4.2.1/20180608100733
[1;34mâ˜… Install of core/make/4.2.1/20180608100733 complete with 0 new packages installed.[0m
   hab-shell: Resolved dependency 'core/make' to /hab/pkgs/core/make/4.2.1/20180608100733
[1;33mÂ» Installing core/gcc-libs[0m
[1;32mâ˜ Determining[0m latest version of core/gcc-libs in the 'stable' channel
[1;32mâ†’ Using[0m core/gcc-libs/7.3.0/20180608091701
[1;34mâ˜… Install of core/gcc-libs/7.3.0/20180608091701 complete with 0 new packages installed.[0m
   hab-shell: Resolved dependency 'core/gcc-libs' to /hab/pkgs/core/gcc-libs/7.3.0/20180608091701
[1;33mÂ» Installing core/clang[0m
[1;32mâ˜ Determining[0m latest version of core/clang in the 'stable' channel
[1;32mâ†’ Using[0m core/clang/5.0.1/20180608190052
[1;34mâ˜… Install of core/clang/5.0.1/20180608190052 complete with 0 new packages installed.[0m
   hab-shell: Resolved dependency 'core/clang' to /hab/pkgs/core/clang/5.0.1/20180608190052
[1;33mÂ» Installing core/openssl[0m
[1;32mâ˜ Determining[0m latest version of core/openssl in the 'stable' channel
[1;32mâ†’ Using[0m core/openssl/1.0.2n/20180608102213
[1;34mâ˜… Install of core/openssl/1.0.2n/20180608102213 complete with 0 new packages installed.[0m
   hab-shell: Resolved dependency 'core/openssl' to /hab/pkgs/core/openssl/1.0.2n/20180608102213
[1;33mÂ» Installing core/pkg-config[0m
[1;32mâ˜ Determining[0m latest version of core/pkg-config in the 'stable' channel
[1;32mâ†’ Using[0m core/pkg-config/0.29.2/20180608091734
[1;34mâ˜… Install of core/pkg-config/0.29.2/20180608091734 complete with 0 new packages installed.[0m
   hab-shell: Resolved dependency 'core/pkg-config' to /hab/pkgs/core/pkg-config/0.29.2/20180608091734
[1;33mÂ» Installing core/libsodium[0m
[1;32mâ˜ Determining[0m latest version of core/libsodium in the 'stable' channel
[1;32mâ†’ Using[0m core/libsodium/1.0.13/20180703181056
[1;34mâ˜… Install of core/libsodium/1.0.13/20180703181056 complete with 0 new packages installed.[0m
   hab-shell: Resolved dependency 'core/libsodium' to /hab/pkgs/core/libsodium/1.0.13/20180703181056
[1;33mÂ» Installing core/libarchive[0m
[1;32mâ˜ Determining[0m latest version of core/libarchive in the 'stable' channel
[1;32mâ†’ Using[0m core/libarchive/3.3.2/20180608163540
[1;34mâ˜… Install of core/libarchive/3.3.2/20180608163540 complete with 0 new packages installed.[0m
   hab-shell: Resolved dependency 'core/libarchive' to /hab/pkgs/core/libarchive/3.3.2/20180608163540
   hab-shell: Setting up environment
   hab-shell: Populating runtime environment from dependencies
   hab-shell: Populating buildtime environment from dependencies
   hab-shell: PUSH TO RUN
   hab-shell: WARN Using `:` as a separator for $LD_LIBRARY_PATH. If you would like to change this, add `HAB_ENV_LD_LIBRARY_PATH_SEPARATOR=<YOUR_SEPARATOR>` to your plan.
   hab-shell: PUSH TO RUN
   hab-shell: WARN Using `:` as a separator for $LD_LIBRARY_PATH. If you would like to change this, add `HAB_ENV_LD_LIBRARY_PATH_SEPARATOR=<YOUR_SEPARATOR>` to your plan.
   hab-shell: PUSH TO RUN
   hab-shell: WARN Using `:` as a separator for $LD_LIBRARY_PATH. If you would like to change this, add `HAB_ENV_LD_LIBRARY_PATH_SEPARATOR=<YOUR_SEPARATOR>` to your plan.
   hab-shell: PUSH TO RUN
   hab-shell: WARN Using `:` as a separator for $LD_LIBRARY_PATH. If you would like to change this, add `HAB_ENV_LD_LIBRARY_PATH_SEPARATOR=<YOUR_SEPARATOR>` to your plan.
   hab-shell: Layering runtime environment on top of system environment
   hab-shell: Layering buildtime environment on top of system environment
   hab-shell: Setting PATH=/hab/pkgs/core/rust-nightly/1.28.0-2018-06-08/20180610010026/bin:/hab/pkgs/core/bash/4.4.19/20180608092913/bin:/hab/pkgs/core/coreutils/8.29/20180608092141/bin:/hab/pkgs/core/gawk/4.2.0/20180608093856/bin:/hab/pkgs/core/which/2.21/20180608164236/bin:/hab/pkgs/core/git/2.18.0/20180806174821/bin:/hab/pkgs/core/gcc/7.3.0/20180608051919/bin:/hab/pkgs/core/hab/0.62.1/20180905002037/bin:/hab/pkgs/core/grep/3.1/20180608092809/bin:/hab/pkgs/core/sed/4.4/20180608091938/bin:/hab/pkgs/core/sudo/1.8.18p1/20180609192018/bin:/hab/pkgs/core/sudo/1.8.18p1/20180609192018/sbin:/hab/pkgs/core/sshpass/1.06/20180608151129/bin:/hab/pkgs/core/rsync/3.1.2/20180608145950/bin:/hab/pkgs/core/make/4.2.1/20180608100733/bin:/hab/pkgs/core/clang/5.0.1/20180608190052/bin:/hab/pkgs/core/openssl/1.0.2n/20180608102213/bin:/hab/pkgs/core/pkg-config/0.29.2/20180608091734/bin:/hab/pkgs/core/binutils/2.30/20180608050633/bin:/hab/pkgs/core/busybox-static/1.28.1/20180608102729/bin:/hab/pkgs/core/glibc/2.27/20180608041157/bin:/hab/pkgs/core/ncurses/6.1/20180608091810/bin:/hab/pkgs/core/acl/2.2.52/20180608091922/bin:/hab/pkgs/core/attr/2.4.47/20180608091914/bin:/hab/pkgs/core/libcap/2.25/20180608091936/bin:/hab/pkgs/core/bzip2/1.0.6/20180608091727/bin:/hab/pkgs/core/curl/7.54.1/20180608142121/bin:/hab/pkgs/core/db/5.3.28/20180608094030/bin:/hab/pkgs/core/expat/2.2.5/20180608094017/bin:/hab/pkgs/core/gdbm/1.14.1/20180608094002/bin:/hab/pkgs/core/gettext/0.19.8/20180608100147/bin:/hab/pkgs/core/less/530/20180608094202/bin:/hab/pkgs/core/openssh/7.5p1/20180608142228/bin:/hab/pkgs/core/openssh/7.5p1/20180608142228/sbin:/hab/pkgs/core/openssh/7.5p1/20180608142228/libexec:/hab/pkgs/core/pcre/8.41/20180608092740/bin:/hab/pkgs/core/perl/5.26.1/20180608094208/bin:/hab/pkgs/core/xz/5.2.3/20180608100110/bin:/hab/pkgs/core/vim/8.0.1542/20180608104326/bin:/hab/pkgs/core/hab-plan-build/0.61.0/20180815173114/bin:/hab/pkgs/core/bash/4.3.42/20170513213519/bin:/hab/pkgs/core/binutils/2.25.1/20170513201927/bin:/hab/pkgs/core/bzip2/1.0.6/20170513212938/bin:/hab/pkgs/core/coreutils/8.25/20170513213226/bin:/hab/pkgs/core/file/5.24/20170513201915/bin:/hab/pkgs/core/findutils/4.4.2/20170513214305/bin:/hab/pkgs/core/gawk/4.1.3/20170513213646/bin:/hab/pkgs/core/grep/2.22/20170513213444/bin:/hab/pkgs/core/gzip/1.6/20170513214605/bin:/hab/pkgs/core/hab/0.61.0/20180815171844/bin:/hab/pkgs/core/rq/0.9.2/20170612005822/bin:/hab/pkgs/core/sed/4.2.2/20170513213123/bin:/hab/pkgs/core/tar/1.29/20170513213607/bin:/hab/pkgs/core/unzip/6.0/20180310001951/bin:/hab/pkgs/core/wget/1.19.1/20171024102323/bin:/hab/pkgs/core/xz/5.2.2/20170513214327/bin:/hab/pkgs/core/glibc/2.22/20170513201042/bin:/hab/pkgs/core/ncurses/6.0/20170513213009/bin:/hab/pkgs/core/acl/2.2.52/20170513213108/bin:/hab/pkgs/core/attr/2.4.47/20170513213059/bin:/hab/pkgs/core/libcap/2.24/20170513213120/bin:/hab/pkgs/core/pcre/8.38/20170513213423/bin:/hab/pkgs/core/less/481/20170513213936/bin:/hab/pkgs/core/libidn/1.32/20170513215043/bin:/hab/pkgs/core/openssl/1.0.2l/20171014213633/bin
   hab-shell: Clean the cache
   hab-shell: Setting build environment
mkdir: created directory '/hab/cache/src/hab-shell-1.0.26'
   hab-shell: Setting PREFIX=/hab/pkgs/hab-shell/hab-shell/1.0.26/20180905142806
   hab-shell: Setting LD_RUN_PATH=/hab/pkgs/core/rust-nightly/1.28.0-2018-06-08/20180610010026/lib:/hab/pkgs/core/git/2.18.0/20180806174821/lib:/hab/pkgs/core/gcc/7.3.0/20180608051919/lib:/hab/pkgs/core/gcc-libs/7.3.0/20180608091701/lib:/hab/pkgs/core/clang/5.0.1/20180608190052/lib:/hab/pkgs/core/openssl/1.0.2n/20180608102213/lib:/hab/pkgs/core/libsodium/1.0.13/20180703181056/lib:/hab/pkgs/core/libarchive/3.3.2/20180608163540/lib
   hab-shell: Setting CFLAGS=-I/hab/pkgs/core/gcc/7.3.0/20180608051919/include -I/hab/pkgs/core/sudo/1.8.18p1/20180609192018/include -I/hab/pkgs/core/make/4.2.1/20180608100733/include -I/hab/pkgs/core/clang/5.0.1/20180608190052/include -I/hab/pkgs/core/openssl/1.0.2n/20180608102213/include -I/hab/pkgs/core/libsodium/1.0.13/20180703181056/include -I/hab/pkgs/core/libarchive/3.3.2/20180608163540/include
   hab-shell: Setting CXXFLAGS=-I/hab/pkgs/core/gcc/7.3.0/20180608051919/include -I/hab/pkgs/core/sudo/1.8.18p1/20180609192018/include -I/hab/pkgs/core/make/4.2.1/20180608100733/include -I/hab/pkgs/core/clang/5.0.1/20180608190052/include -I/hab/pkgs/core/openssl/1.0.2n/20180608102213/include -I/hab/pkgs/core/libsodium/1.0.13/20180703181056/include -I/hab/pkgs/core/libarchive/3.3.2/20180608163540/include
   hab-shell: Setting CPPFLAGS=-I/hab/pkgs/core/gcc/7.3.0/20180608051919/include -I/hab/pkgs/core/sudo/1.8.18p1/20180609192018/include -I/hab/pkgs/core/make/4.2.1/20180608100733/include -I/hab/pkgs/core/clang/5.0.1/20180608190052/include -I/hab/pkgs/core/openssl/1.0.2n/20180608102213/include -I/hab/pkgs/core/libsodium/1.0.13/20180703181056/include -I/hab/pkgs/core/libarchive/3.3.2/20180608163540/include
   hab-shell: Setting LDFLAGS=-L/hab/pkgs/core/rust-nightly/1.28.0-2018-06-08/20180610010026/lib -L/hab/pkgs/core/git/2.18.0/20180806174821/lib -L/hab/pkgs/core/gcc/7.3.0/20180608051919/lib -L/hab/pkgs/core/gcc-libs/7.3.0/20180608091701/lib -L/hab/pkgs/core/clang/5.0.1/20180608190052/lib -L/hab/pkgs/core/openssl/1.0.2n/20180608102213/lib -L/hab/pkgs/core/libsodium/1.0.13/20180703181056/lib -L/hab/pkgs/core/libarchive/3.3.2/20180608163540/lib
   hab-shell: Setting PKG_CONFIG_PATH=/hab/pkgs/core/bash/4.4.19/20180608092913/lib/pkgconfig:/hab/pkgs/core/openssl/1.0.2n/20180608102213/lib/pkgconfig:/hab/pkgs/core/libsodium/1.0.13/20180703181056/lib/pkgconfig:/hab/pkgs/core/libarchive/3.3.2/20180608163540/lib/pkgconfig
   hab-shell: Preparing to build
   hab-shell: Building
   hab-shell: Installing
mkdir: created directory '/hab/pkgs/hab-shell/hab-shell/1.0.26/20180905142806'
   hab-shell: Writing configuration
   hab-shell: Writing service management scripts
   hab-shell: Stripping unneeded symbols from binaries and libraries
   hab-shell: Building package metadata
   hab-shell: Generating blake2b hashes of all files in the package
   hab-shell: Generating signed metadata FILES
[1;33mÂ» Signing hab-shell_blake2bsums[0m
[1;36mâ˜› Signing[0m hab-shell_blake2bsums with hab-shell-20180516112716 to create /hab/pkgs/hab-shell/hab-shell/1.0.26/20180905142806/FILES
[1;34mâ˜… Signed artifact /hab/pkgs/hab-shell/hab-shell/1.0.26/20180905142806/FILES.[0m
   hab-shell: Creating manifest
   hab-shell: Generating package artifact
/hab/pkgs/core/tar/1.29/20170513213607/bin/tar: Removing leading `/' from member names
/hab/cache/artifacts/.hab-shell-hab-shell-1.0.26-20180905142806-x86_64-linux.tar (1/1)
  100 %           2656 B / 30.0 KiB = 0.086                                    
[1;33mÂ» Signing /hab/cache/artifacts/.hab-shell-hab-shell-1.0.26-20180905142806-x86_64-linux.tar.xz[0m
[1;36mâ˜› Signing[0m /hab/cache/artifacts/.hab-shell-hab-shell-1.0.26-20180905142806-x86_64-linux.tar.xz with hab-shell-20180516112716 to create /hab/cache/artifacts/hab-shell-hab-shell-1.0.26-20180905142806-x86_64-linux.hart
[1;34mâ˜… Signed artifact /hab/cache/artifacts/hab-shell-hab-shell-1.0.26-20180905142806-x86_64-linux.hart.[0m
'/hab/cache/artifacts/hab-shell-hab-shell-1.0.26-20180905142806-x86_64-linux.hart' -> '/src/results/hab-shell-hab-shell-1.0.26-20180905142806-x86_64-linux.hart'
   hab-shell: hab-plan-build cleanup
   hab-shell: 
   hab-shell: Source Path: /src
   hab-shell: Installed Path: /hab/pkgs/hab-shell/hab-shell/1.0.26/20180905142806
   hab-shell: Artifact: /src/results/hab-shell-hab-shell-1.0.26-20180905142806-x86_64-linux.hart
   hab-shell: Build Report: /src/results/last_build.env
   hab-shell: SHA256 Checksum: c012d22506bb88a7a6f38f93e1eb757c4e6d6de4714bd72b477b1d83e2b0f101
   hab-shell: Blake2b Checksum: 7bb0cd580235263dad2ee2c0e63fddd8d0a747b4a7b182e535d7888bf32a28a2
   hab-shell: 
   hab-shell: I love it when a plan.sh comes together.
   hab-shell: 
   hab-shell: Build time: 0m14s

Script done on Wed Sep  5 14:28:20 2018
